<?xml version="1.0" encoding="UTF-8" ?>
<testsuite tests="5" failures="0" name="fr.adaming.daotest.EtudiantDaoTest" time="0.53" errors="0" skipped="0">
  <properties>
[...]
</properties>
  <testcase classname="fr.adaming.daotest.EtudiantDaoTest" name="testGetEtudiantById" time="0.243"/>
  <testcase classname="fr.adaming.daotest.EtudiantDaoTest" name="testDeleteEtudiant" time="0.163"/>
  <testcase classname="fr.adaming.daotest.EtudiantDaoTest" name="testAddEtudiantByIdNom" time="0.044"/>
  <testcase classname="fr.adaming.daotest.EtudiantDaoTest" name="testGetAll" time="0.039"/>
  <testcase classname="fr.adaming.daotest.EtudiantDaoTest" name="testAddEtudiant" time="0.041"/>
</testsuite>